<?xml version="1.0" encoding="UTF-8"?>
<testsuite name="com.epam.cm.AcceptanceTestSuite" time="40.774" tests="26" errors="0" skipped="2" failures="0">
  <properties>
[...]
</properties>
  <testcase name="BeforeStories" classname="java.lang.Object" time="0"/>
  <testcase name="Given user is on Home page" classname="com.epam.cm.steps.jbehave.LoginDefinitionsSteps" time="6.711"/>
  <testcase name="When user clicks &apos;Your Account&apos; button in page header" classname="com.epam.cm.steps.jbehave.LoginDefinitionsSteps" time="1.808"/>
  <testcase name="Then account menu is unfolding" classname="com.epam.cm.steps.jbehave.LoginDefinitionsSteps" time="1.599"/>
  <testcase name="Given user filled in login form:, " classname="com.epam.cm.steps.jbehave.LoginDefinitionsSteps" time="1.877"/>
  <testcase name="When user clicks SignIn button on login form" classname="com.epam.cm.steps.jbehave.LoginDefinitionsSteps" time="2.263"/>
  <testcase name="Then &apos;Your Account&apos; replaced by &apos;Speaker&apos;s Account&apos;" classname="com.epam.cm.steps.jbehave.LoginDefinitionsSteps" time="1.895"/>
  <testcase name="And there is &apos;Sign Out&apos; button in account menu" classname="com.epam.cm.steps.jbehave.LoginDefinitionsSteps" time="2.028"/>
  <testcase name="When user logs out" classname="com.epam.cm.steps.jbehave.LoginDefinitionsSteps" time="1.931"/>
  <testcase name="Then user is redirected to Home page" classname="com.epam.cm.steps.jbehave.LoginDefinitionsSteps" time="1.865"/>
  <testcase name="[PENDING] And there is &apos;Your Account&apos; button in page header, " classname="[PENDING] And there is &apos;Your Account&apos; button in page header, " time="0">
    <skipped/>
    <system-out><![CDATA[And there is 'Your Account' button in page header


Meta:

@regression @smoke (PENDING)
]]></system-out>
    <system-err><![CDATA[[pool-1-thread-1] INFO net.serenitybdd.core.Serenity - TEST PENDING
]]></system-err>
  </testcase>
  <testcase name="Scenario: User successfully logs in to the site" classname="Scenario: User successfully logs in to the site" time="2.544"/>
  <testcase name="Given user is on Home page​" classname="com.epam.cm.steps.jbehave.LoginDefinitionsSteps" time="1.89"/>
  <testcase name="When user clicks &apos;Your Account&apos; button in page header​" classname="com.epam.cm.steps.jbehave.LoginDefinitionsSteps" time="1.691"/>
  <testcase name="Then account menu is unfolding​" classname="com.epam.cm.steps.jbehave.LoginDefinitionsSteps" time="1.526"/>
  <testcase name="Given user filled in login form:, ​" classname="com.epam.cm.steps.jbehave.LoginDefinitionsSteps" time="1.855"/>
  <testcase name="When user clicks SignIn button on login form​" classname="com.epam.cm.steps.jbehave.LoginDefinitionsSteps" time="1.676"/>
  <testcase name="Then user still in login form" classname="com.epam.cm.steps.jbehave.LoginDefinitionsSteps" time="3.61"/>
  <testcase name="And password field is highlighted" classname="com.epam.cm.steps.jbehave.LoginDefinitionsSteps" time="1.508"/>
  <testcase name="And wrong password message is Your password is incorrect" classname="com.epam.cm.steps.jbehave.LoginDefinitionsSteps" time="0.506"/>
  <testcase name="Scenario: User unsuccessfully logs in to the site with invalid credentials" classname="Scenario: User unsuccessfully logs in to the site with invalid credentials" time="0.508"/>
  <testcase name="login.story" classname="login.story" time="0.882"/>
  <testcase name="[PENDING] Given test rest" classname="[PENDING] Given test rest" time="0">
    <skipped/>
    <system-out><![CDATA[Running story stories/new_login.story

(stories/new_login.story)
Meta:
@regression 
@smoke 

Narrative:
In order to gain access to all features of the site
As a n anonymous customer
I want to be able to login to my account

Meta:
@smoke @regression
Scenario: User successfully logs in to the site
Given test rest (PENDING)
]]></system-out>
    <system-err><![CDATA[[pool-1-thread-1] INFO net.serenitybdd.jbehave.embedders.monitors.ReportingEmbedderMonitor - 556488341story running with path stories/new_login.story
[pool-1-thread-1] INFO net.serenitybdd.core.Serenity - Test Suite Started: New login
[pool-1-thread-1] INFO net.serenitybdd.core.Serenity - 
 _____ _____ ____ _____   ____ _____  _    ____ _____ _____ ____  
|_   _| ____/ ___|_   _| / ___|_   _|/ \  |  _ \_   _| ____|  _ \ 
  | | |  _| \___ \ | |   \___ \ | | / _ \ | |_) || | |  _| | | | |
  | | | |___ ___) || |    ___) || |/ ___ \|  _ < | | | |___| |_| |
  |_| |_____|____/ |_|   |____/ |_/_/   \_\_| \_\|_| |_____|____/ 
                                                                  

TEST STARTED: User successfully logs in to the site
-------------------------------------------------------------------
[pool-1-thread-1] INFO net.serenitybdd.core.Serenity - TEST PENDING
]]></system-err>
  </testcase>
  <testcase name="Scenario: User successfully logs in to the site​" classname="Scenario: User successfully logs in to the site​" time="0"/>
  <testcase name="new_login.story" classname="new_login.story" time="0"/>
  <testcase name="AfterStories" classname="java.lang.Object" time="0.601"/>
</testsuite>